<?xml version="1.0" encoding="UTF-8"?>
<!-- Generated by org.testng.reporters.JUnitReportReporter -->
<testsuite hostname="ESLLAP-3915" failures="0" tests="1" name="Demo.GoogleDemo" time="1.710" errors="0" timestamp="2023-07-14T17:44:33 IST" skipped="0">
  <testcase classname="Demo.GoogleDemo" name="login" time="1.710"/>
  <system-out/>
</testsuite> <!-- Demo.GoogleDemo -->
